{"/home/kim/codes/sandbox/sample-app-ts/backend/src/app.ts": {"path":"/home/kim/codes/sandbox/sample-app-ts/backend/src/app.ts","statementMap":{"0":{"start":{"line":1,"column":0},"end":{"line":1,"column":66}},"1":{"start":{"line":2,"column":0},"end":{"line":2,"column":28}},"2":{"start":{"line":4,"column":0},"end":{"line":4,"column":63}},"3":{"start":{"line":6,"column":0},"end":{"line":6,"column":45}},"4":{"start":{"line":7,"column":0},"end":{"line":7,"column":16}},"5":{"start":{"line":9,"column":25},"end":{"line":9,"column":34}},"6":{"start":{"line":11,"column":0},"end":{"line":11,"column":24}},"7":{"start":{"line":12,"column":0},"end":{"line":12,"column":34}},"8":{"start":{"line":14,"column":0},"end":{"line":14,"column":25}},"9":{"start":{"line":16,"column":0},"end":{"line":16,"column":19}}},"fnMap":{},"branchMap":{},"s":{"0":3,"1":3,"2":3,"3":3,"4":3,"5":3,"6":3,"7":3,"8":3,"9":3},"f":{},"b":{}}
,"/home/kim/codes/sandbox/sample-app-ts/backend/src/config/database.ts": {"path":"/home/kim/codes/sandbox/sample-app-ts/backend/src/config/database.ts","statementMap":{"0":{"start":{"line":1,"column":0},"end":{"line":1,"column":38}},"1":{"start":{"line":2,"column":0},"end":{"line":2,"column":28}},"2":{"start":{"line":3,"column":0},"end":{"line":3,"column":16}},"3":{"start":{"line":5,"column":18},"end":{"line":11,"column":2}},"4":{"start":{"line":13,"column":0},"end":{"line":13,"column":25}}},"fnMap":{},"branchMap":{},"s":{"0":5,"1":5,"2":5,"3":5,"4":5},"f":{},"b":{}}
,"/home/kim/codes/sandbox/sample-app-ts/backend/src/controllers/userController.ts": {"path":"/home/kim/codes/sandbox/sample-app-ts/backend/src/controllers/userController.ts","statementMap":{"0":{"start":{"line":2,"column":0},"end":{"line":2,"column":null}},"1":{"start":{"line":7,"column":0},"end":{"line":7,"column":51}},"2":{"start":{"line":9,"column":26},"end":{"line":33,"column":2}},"3":{"start":{"line":13,"column":19},"end":{"line":33,"column":2}},"4":{"start":{"line":14,"column":2},"end":{"line":32,"column":3}},"5":{"start":{"line":15,"column":42},"end":{"line":15,"column":50}},"6":{"start":{"line":16,"column":4},"end":{"line":21,"column":5}},"7":{"start":{"line":17,"column":6},"end":{"line":20,"column":8}},"8":{"start":{"line":22,"column":25},"end":{"line":22,"column":52}},"9":{"start":{"line":24,"column":4},"end":{"line":26,"column":5}},"10":{"start":{"line":25,"column":6},"end":{"line":25,"column":56}},"11":{"start":{"line":27,"column":17},"end":{"line":27,"column":64}},"12":{"start":{"line":29,"column":4},"end":{"line":29,"column":31}},"13":{"start":{"line":31,"column":4},"end":{"line":31,"column":16}},"14":{"start":{"line":9,"column":13},"end":{"line":9,"column":26}},"15":{"start":{"line":35,"column":24},"end":{"line":46,"column":2}},"16":{"start":{"line":39,"column":19},"end":{"line":46,"column":2}},"17":{"start":{"line":40,"column":2},"end":{"line":45,"column":3}},"18":{"start":{"line":41,"column":18},"end":{"line":41,"column":43}},"19":{"start":{"line":42,"column":4},"end":{"line":42,"column":32}},"20":{"start":{"line":44,"column":4},"end":{"line":44,"column":56}},"21":{"start":{"line":35,"column":13},"end":{"line":35,"column":24}}},"fnMap":{"0":{"name":"(anonymous_7)","decl":{"start":{"line":9,"column":26},"end":{"line":9,"column":null}},"loc":{"start":{"line":13,"column":19},"end":{"line":33,"column":2}}},"1":{"name":"(anonymous_8)","decl":{"start":{"line":13,"column":19},"end":{"line":13,"column":null}},"loc":{"start":{"line":13,"column":19},"end":{"line":33,"column":1}}},"2":{"name":"(anonymous_9)","decl":{"start":{"line":35,"column":24},"end":{"line":35,"column":null}},"loc":{"start":{"line":39,"column":19},"end":{"line":46,"column":2}}},"3":{"name":"(anonymous_10)","decl":{"start":{"line":39,"column":19},"end":{"line":39,"column":null}},"loc":{"start":{"line":39,"column":19},"end":{"line":46,"column":1}}}},"branchMap":{"0":{"loc":{"start":{"line":16,"column":4},"end":{"line":21,"column":5}},"type":"if","locations":[{"start":{"line":16,"column":4},"end":{"line":21,"column":5}}]},"1":{"loc":{"start":{"line":16,"column":8},"end":{"line":16,"column":40}},"type":"binary-expr","locations":[{"start":{"line":16,"column":8},"end":{"line":16,"column":17}},{"start":{"line":16,"column":21},"end":{"line":16,"column":27}},{"start":{"line":16,"column":31},"end":{"line":16,"column":40}}]},"2":{"loc":{"start":{"line":24,"column":4},"end":{"line":26,"column":5}},"type":"if","locations":[{"start":{"line":24,"column":4},"end":{"line":26,"column":5}}]}},"s":{"0":3,"1":3,"2":3,"3":5,"4":5,"5":5,"6":5,"7":1,"8":4,"9":4,"10":3,"11":1,"12":1,"13":4,"14":3,"15":3,"16":2,"17":2,"18":2,"19":1,"20":1,"21":3},"f":{"0":5,"1":5,"2":2,"3":2},"b":{"0":[1],"1":[5,5,4],"2":[3]}}
,"/home/kim/codes/sandbox/sample-app-ts/backend/src/middleware/errorMiddleware.ts": {"path":"/home/kim/codes/sandbox/sample-app-ts/backend/src/middleware/errorMiddleware.ts","statementMap":{"0":{"start":{"line":5,"column":31},"end":{"line":16,"column":1}},"1":{"start":{"line":11,"column":18},"end":{"line":11,"column":51}},"2":{"start":{"line":12,"column":2},"end":{"line":15,"column":5}},"3":{"start":{"line":5,"column":13},"end":{"line":5,"column":31}}},"fnMap":{"0":{"name":"(anonymous_0)","decl":{"start":{"line":5,"column":31},"end":{"line":5,"column":null}},"loc":{"start":{"line":10,"column":10},"end":{"line":16,"column":1}}}},"branchMap":{"0":{"loc":{"start":{"line":11,"column":18},"end":{"line":11,"column":51}},"type":"binary-expr","locations":[{"start":{"line":11,"column":18},"end":{"line":11,"column":44}},{"start":{"line":11,"column":48},"end":{"line":11,"column":51}}]},"1":{"loc":{"start":{"line":13,"column":13},"end":{"line":13,"column":51}},"type":"binary-expr","locations":[{"start":{"line":13,"column":13},"end":{"line":13,"column":24}},{"start":{"line":13,"column":28},"end":{"line":13,"column":51}}]}},"s":{"0":3,"1":5,"2":5,"3":3},"f":{"0":5},"b":{"0":[5,0],"1":[5,0]}}
,"/home/kim/codes/sandbox/sample-app-ts/backend/src/models/User.ts": {"path":"/home/kim/codes/sandbox/sample-app-ts/backend/src/models/User.ts","statementMap":{"0":{"start":{"line":1,"column":0},"end":{"line":1,"column":55}},"1":{"start":{"line":2,"column":0},"end":{"line":2,"column":30}},"2":{"start":{"line":3,"column":0},"end":{"line":3,"column":43}},"3":{"start":{"line":27,"column":4},"end":{"line":27,"column":51}},"4":{"start":{"line":32,"column":0},"end":{"line":66,"column":2}},"5":{"start":{"line":59,"column":41},"end":{"line":63,"column":null}},"6":{"start":{"line":60,"column":8},"end":{"line":62,"column":9}},"7":{"start":{"line":61,"column":10},"end":{"line":61,"column":63}},"8":{"start":{"line":68,"column":0},"end":{"line":68,"column":20}}},"fnMap":{"0":{"name":"(anonymous_8)","decl":{"start":{"line":26,"column":15},"end":{"line":26,"column":31}},"loc":{"start":{"line":26,"column":48},"end":{"line":28,"column":null}}},"1":{"name":"(anonymous_10)","decl":{"start":{"line":59,"column":20},"end":{"line":59,"column":27}},"loc":{"start":{"line":59,"column":41},"end":{"line":63,"column":null}}},"2":{"name":"(anonymous_11)","decl":{"start":{"line":59,"column":41},"end":{"line":59,"column":null}},"loc":{"start":{"line":59,"column":41},"end":{"line":63,"column":7}}}},"branchMap":{"0":{"loc":{"start":{"line":60,"column":8},"end":{"line":62,"column":9}},"type":"if","locations":[{"start":{"line":60,"column":8},"end":{"line":62,"column":9}}]}},"s":{"0":5,"1":5,"2":5,"3":0,"4":5,"5":1,"6":1,"7":1,"8":5},"f":{"0":0,"1":1,"2":1},"b":{"0":[1]}}
,"/home/kim/codes/sandbox/sample-app-ts/backend/src/routes/userRoutes.ts": {"path":"/home/kim/codes/sandbox/sample-app-ts/backend/src/routes/userRoutes.ts","statementMap":{"0":{"start":{"line":1,"column":0},"end":{"line":1,"column":33}},"1":{"start":{"line":2,"column":0},"end":{"line":2,"column":69}},"2":{"start":{"line":4,"column":23},"end":{"line":4,"column":31}},"3":{"start":{"line":7,"column":0},"end":{"line":7,"column":29}},"4":{"start":{"line":10,"column":0},"end":{"line":10,"column":26}},"5":{"start":{"line":12,"column":0},"end":{"line":12,"column":22}}},"fnMap":{},"branchMap":{},"s":{"0":3,"1":3,"2":3,"3":3,"4":3,"5":3},"f":{},"b":{}}
,"/home/kim/codes/sandbox/sample-app-ts/backend/src/services/userService.ts": {"path":"/home/kim/codes/sandbox/sample-app-ts/backend/src/services/userService.ts","statementMap":{"0":{"start":{"line":1,"column":0},"end":{"line":1,"column":34}},"1":{"start":{"line":2,"column":0},"end":{"line":2,"column":51}},"2":{"start":{"line":4,"column":30},"end":{"line":15,"column":2}},"3":{"start":{"line":8,"column":18},"end":{"line":15,"column":2}},"4":{"start":{"line":9,"column":2},"end":{"line":14,"column":3}},"5":{"start":{"line":10,"column":17},"end":{"line":10,"column":65}},"6":{"start":{"line":11,"column":4},"end":{"line":11,"column":16}},"7":{"start":{"line":13,"column":4},"end":{"line":13,"column":56}},"8":{"start":{"line":4,"column":13},"end":{"line":4,"column":30}},"9":{"start":{"line":17,"column":33},"end":{"line":24,"column":2}},"10":{"start":{"line":17,"column":60},"end":{"line":24,"column":2}},"11":{"start":{"line":18,"column":2},"end":{"line":23,"column":3}},"12":{"start":{"line":19,"column":18},"end":{"line":19,"column":38}},"13":{"start":{"line":20,"column":4},"end":{"line":20,"column":17}},"14":{"start":{"line":22,"column":4},"end":{"line":22,"column":59}},"15":{"start":{"line":17,"column":13},"end":{"line":17,"column":33}},"16":{"start":{"line":26,"column":30},"end":{"line":37,"column":2}},"17":{"start":{"line":26,"column":68},"end":{"line":37,"column":2}},"18":{"start":{"line":27,"column":2},"end":{"line":36,"column":3}},"19":{"start":{"line":28,"column":18},"end":{"line":32,"column":6}},"20":{"start":{"line":33,"column":4},"end":{"line":33,"column":17}},"21":{"start":{"line":35,"column":4},"end":{"line":35,"column":58}},"22":{"start":{"line":26,"column":13},"end":{"line":26,"column":30}}},"fnMap":{"0":{"name":"(anonymous_8)","decl":{"start":{"line":4,"column":30},"end":{"line":4,"column":null}},"loc":{"start":{"line":8,"column":18},"end":{"line":15,"column":2}}},"1":{"name":"(anonymous_9)","decl":{"start":{"line":8,"column":18},"end":{"line":8,"column":null}},"loc":{"start":{"line":8,"column":18},"end":{"line":15,"column":1}}},"2":{"name":"(anonymous_10)","decl":{"start":{"line":17,"column":33},"end":{"line":17,"column":58}},"loc":{"start":{"line":17,"column":60},"end":{"line":24,"column":2}}},"3":{"name":"(anonymous_11)","decl":{"start":{"line":17,"column":60},"end":{"line":17,"column":null}},"loc":{"start":{"line":17,"column":60},"end":{"line":24,"column":1}}},"4":{"name":"(anonymous_12)","decl":{"start":{"line":26,"column":30},"end":{"line":26,"column":37}},"loc":{"start":{"line":26,"column":68},"end":{"line":37,"column":2}}},"5":{"name":"(anonymous_13)","decl":{"start":{"line":26,"column":68},"end":{"line":26,"column":null}},"loc":{"start":{"line":26,"column":68},"end":{"line":37,"column":1}}}},"branchMap":{},"s":{"0":4,"1":4,"2":4,"3":1,"4":1,"5":1,"6":1,"7":0,"8":4,"9":4,"10":2,"11":2,"12":2,"13":1,"14":1,"15":4,"16":4,"17":4,"18":4,"19":4,"20":4,"21":0,"22":4},"f":{"0":1,"1":1,"2":2,"3":2,"4":4,"5":4},"b":{}}
,"/home/kim/codes/sandbox/sample-app-ts/backend/src/utils/customError.ts": {"path":"/home/kim/codes/sandbox/sample-app-ts/backend/src/utils/customError.ts","statementMap":{"0":{"start":{"line":6,"column":4},"end":{"line":6,"column":19}},"1":{"start":{"line":7,"column":4},"end":{"line":7,"column":25}},"2":{"start":{"line":8,"column":4},"end":{"line":8,"column":38}},"3":{"start":{"line":9,"column":4},"end":{"line":9,"column":52}},"4":{"start":{"line":2,"column":0},"end":{"line":2,"column":13}}},"fnMap":{"0":{"name":"(anonymous_0)","decl":{"start":{"line":5,"column":2},"end":{"line":5,"column":14}},"loc":{"start":{"line":5,"column":45},"end":{"line":10,"column":3}}}},"branchMap":{},"s":{"0":6,"1":6,"2":6,"3":6,"4":4},"f":{"0":6},"b":{}}
}
