TN:
SF:src/app.ts
FNF:0
FNH:0
DA:1,3
DA:2,3
DA:4,3
DA:6,3
DA:7,3
DA:9,3
DA:11,3
DA:12,3
DA:14,3
DA:16,3
LF:10
LH:10
BRF:0
BRH:0
end_of_record
TN:
SF:src/config/database.ts
FNF:0
FNH:0
DA:1,5
DA:2,5
DA:3,5
DA:5,5
DA:13,5
LF:5
LH:5
BRF:0
BRH:0
end_of_record
TN:
SF:src/controllers/userController.ts
FN:9,(anonymous_7)
FN:13,(anonymous_8)
FN:35,(anonymous_9)
FN:39,(anonymous_10)
FNF:4
FNH:4
FNDA:5,(anonymous_7)
FNDA:5,(anonymous_8)
FNDA:2,(anonymous_9)
FNDA:2,(anonymous_10)
DA:2,3
DA:7,3
DA:9,3
DA:13,5
DA:14,5
DA:15,5
DA:16,5
DA:17,1
DA:22,4
DA:24,4
DA:25,3
DA:27,1
DA:29,1
DA:31,4
DA:35,3
DA:39,2
DA:40,2
DA:41,2
DA:42,1
DA:44,1
LF:20
LH:20
BRDA:16,0,0,1
BRDA:16,1,0,5
BRDA:16,1,1,5
BRDA:16,1,2,4
BRDA:24,2,0,3
BRF:5
BRH:5
end_of_record
TN:
SF:src/middleware/errorMiddleware.ts
FN:5,(anonymous_0)
FNF:1
FNH:1
FNDA:5,(anonymous_0)
DA:5,3
DA:11,5
DA:12,5
LF:3
LH:3
BRDA:11,0,0,5
BRDA:11,0,1,0
BRDA:13,1,0,5
BRDA:13,1,1,0
BRF:4
BRH:2
end_of_record
TN:
SF:src/models/User.ts
FN:26,(anonymous_8)
FN:59,(anonymous_10)
FN:59,(anonymous_11)
FNF:3
FNH:2
FNDA:0,(anonymous_8)
FNDA:1,(anonymous_10)
FNDA:1,(anonymous_11)
DA:1,5
DA:2,5
DA:3,5
DA:27,0
DA:32,5
DA:59,1
DA:60,1
DA:61,1
DA:68,5
LF:9
LH:8
BRDA:60,0,0,1
BRF:1
BRH:1
end_of_record
TN:
SF:src/routes/userRoutes.ts
FNF:0
FNH:0
DA:1,3
DA:2,3
DA:4,3
DA:7,3
DA:10,3
DA:12,3
LF:6
LH:6
BRF:0
BRH:0
end_of_record
TN:
SF:src/services/userService.ts
FN:4,(anonymous_8)
FN:8,(anonymous_9)
FN:17,(anonymous_10)
FN:17,(anonymous_11)
FN:26,(anonymous_12)
FN:26,(anonymous_13)
FNF:6
FNH:6
FNDA:1,(anonymous_8)
FNDA:1,(anonymous_9)
FNDA:2,(anonymous_10)
FNDA:2,(anonymous_11)
FNDA:4,(anonymous_12)
FNDA:4,(anonymous_13)
DA:1,4
DA:2,4
DA:4,4
DA:8,1
DA:9,1
DA:10,1
DA:11,1
DA:13,0
DA:17,4
DA:18,2
DA:19,2
DA:20,1
DA:22,1
DA:26,4
DA:27,4
DA:28,4
DA:33,4
DA:35,0
LF:18
LH:16
BRF:0
BRH:0
end_of_record
TN:
SF:src/utils/customError.ts
FN:5,(anonymous_0)
FNF:1
FNH:1
FNDA:6,(anonymous_0)
DA:2,4
DA:6,6
DA:7,6
DA:8,6
DA:9,6
LF:5
LH:5
BRF:0
BRH:0
end_of_record
